This is pdfTeX, Version 3.141592653-2.6-1.40.24 (MiKTeX 22.7) (preloaded format=pdflatex 2022.9.29)  8 MAY 2023 14:44
entering extended mode
 restricted \write18 enabled.
 %&-line parsing enabled.
**./CSE598_Project_Report.tex
(CSE598_Project_Report.tex
LaTeX2e <2022-06-01> patch level 5
L3 programming layer <2022-07-04>
(C:\Users\Kiran S\AppData\Roaming\MiKTeX\tex/latex/ieeetran\IEEEtran.cls
Document Class: IEEEtran 2015/08/26 V1.8b by Michael Shell
-- See the "IEEEtran_HOWTO" manual for usage information.
-- http://www.michaelshell.org/tex/ieeetran/
\@IEEEtrantmpdimenA=\dimen138
\@IEEEtrantmpdimenB=\dimen139
\@IEEEtrantmpdimenC=\dimen140
\@IEEEtrantmpcountA=\count185
\@IEEEtrantmpcountB=\count186
\@IEEEtrantmpcountC=\count187
\@IEEEtrantmptoksA=\toks16
LaTeX Font Info:    Trying to load font information for OT1+ptm on input line 5
03.
(C:\Users\Kiran S\AppData\Roaming\MiKTeX\tex/latex/psnfss\ot1ptm.fd
File: ot1ptm.fd 2001/06/04 font definitions for OT1/ptm.
)
-- Using 8.5in x 11in (letter) paper.
-- Using PDF output.
\@IEEEnormalsizeunitybaselineskip=\dimen141
-- This is a 10 point document.
\CLASSINFOnormalsizebaselineskip=\dimen142
\CLASSINFOnormalsizeunitybaselineskip=\dimen143
\IEEEnormaljot=\dimen144
LaTeX Font Info:    Font shape `OT1/ptm/bx/n' in size <5> not available
(Font)              Font shape `OT1/ptm/b/n' tried instead on input line 1090.
LaTeX Font Info:    Font shape `OT1/ptm/bx/it' in size <5> not available
(Font)              Font shape `OT1/ptm/b/it' tried instead on input line 1090.

LaTeX Font Info:    Font shape `OT1/ptm/bx/n' in size <7> not available
(Font)              Font shape `OT1/ptm/b/n' tried instead on input line 1090.
LaTeX Font Info:    Font shape `OT1/ptm/bx/it' in size <7> not available
(Font)              Font shape `OT1/ptm/b/it' tried instead on input line 1090.

LaTeX Font Info:    Font shape `OT1/ptm/bx/n' in size <8> not available
(Font)              Font shape `OT1/ptm/b/n' tried instead on input line 1090.
LaTeX Font Info:    Font shape `OT1/ptm/bx/it' in size <8> not available
(Font)              Font shape `OT1/ptm/b/it' tried instead on input line 1090.

LaTeX Font Info:    Font shape `OT1/ptm/bx/n' in size <9> not available
(Font)              Font shape `OT1/ptm/b/n' tried instead on input line 1090.
LaTeX Font Info:    Font shape `OT1/ptm/bx/it' in size <9> not available
(Font)              Font shape `OT1/ptm/b/it' tried instead on input line 1090.

LaTeX Font Info:    Font shape `OT1/ptm/bx/n' in size <10> not available
(Font)              Font shape `OT1/ptm/b/n' tried instead on input line 1090.
LaTeX Font Info:    Font shape `OT1/ptm/bx/it' in size <10> not available
(Font)              Font shape `OT1/ptm/b/it' tried instead on input line 1090.

LaTeX Font Info:    Font shape `OT1/ptm/bx/n' in size <11> not available
(Font)              Font shape `OT1/ptm/b/n' tried instead on input line 1090.
LaTeX Font Info:    Font shape `OT1/ptm/bx/it' in size <11> not available
(Font)              Font shape `OT1/ptm/b/it' tried instead on input line 1090.

LaTeX Font Info:    Font shape `OT1/ptm/bx/n' in size <12> not available
(Font)              Font shape `OT1/ptm/b/n' tried instead on input line 1090.
LaTeX Font Info:    Font shape `OT1/ptm/bx/it' in size <12> not available
(Font)              Font shape `OT1/ptm/b/it' tried instead on input line 1090.

LaTeX Font Info:    Font shape `OT1/ptm/bx/n' in size <17> not available
(Font)              Font shape `OT1/ptm/b/n' tried instead on input line 1090.
LaTeX Font Info:    Font shape `OT1/ptm/bx/it' in size <17> not available
(Font)              Font shape `OT1/ptm/b/it' tried instead on input line 1090.

LaTeX Font Info:    Font shape `OT1/ptm/bx/n' in size <20> not available
(Font)              Font shape `OT1/ptm/b/n' tried instead on input line 1090.
LaTeX Font Info:    Font shape `OT1/ptm/bx/it' in size <20> not available
(Font)              Font shape `OT1/ptm/b/it' tried instead on input line 1090.

LaTeX Font Info:    Font shape `OT1/ptm/bx/n' in size <24> not available
(Font)              Font shape `OT1/ptm/b/n' tried instead on input line 1090.
LaTeX Font Info:    Font shape `OT1/ptm/bx/it' in size <24> not available
(Font)              Font shape `OT1/ptm/b/it' tried instead on input line 1090.

\IEEEquantizedlength=\dimen145
\IEEEquantizedlengthdiff=\dimen146
\IEEEquantizedtextheightdiff=\dimen147
\IEEEilabelindentA=\dimen148
\IEEEilabelindentB=\dimen149
\IEEEilabelindent=\dimen150
\IEEEelabelindent=\dimen151
\IEEEdlabelindent=\dimen152
\IEEElabelindent=\dimen153
\IEEEiednormlabelsep=\dimen154
\IEEEiedmathlabelsep=\dimen155
\IEEEiedtopsep=\skip47
\c@section=\count188
\c@subsection=\count189
\c@subsubsection=\count190
\c@paragraph=\count191
\c@IEEEsubequation=\count192
\abovecaptionskip=\skip48
\belowcaptionskip=\skip49
\c@figure=\count193
\c@table=\count194
\@IEEEeqnnumcols=\count195
\@IEEEeqncolcnt=\count196
\@IEEEsubeqnnumrollback=\count197
\@IEEEquantizeheightA=\dimen156
\@IEEEquantizeheightB=\dimen157
\@IEEEquantizeheightC=\dimen158
\@IEEEquantizeprevdepth=\dimen159
\@IEEEquantizemultiple=\count198
\@IEEEquantizeboxA=\box51
\@IEEEtmpitemindent=\dimen160
\IEEEPARstartletwidth=\dimen161
\c@IEEEbiography=\count199
\@IEEEtranrubishbin=\box52
)
** ATTENTION: Overriding command lockouts (line 2).
(C:\Users\Kiran S\AppData\Roaming\MiKTeX\tex/latex/cite\cite.sty
LaTeX Info: Redefining \cite on input line 302.
LaTeX Info: Redefining \nocite on input line 332.
Package: cite 2015/02/27  v 5.5
)
(D:\Tools\MikTex\tex/latex/amsmath\amsmath.sty
Package: amsmath 2022/04/08 v2.17n AMS math features
\@mathmargin=\skip50

For additional information on amsmath, use the `?' option.
(D:\Tools\MikTex\tex/latex/amsmath\amstext.sty
Package: amstext 2021/08/26 v2.01 AMS text

(D:\Tools\MikTex\tex/latex/amsmath\amsgen.sty
File: amsgen.sty 1999/11/30 v2.0 generic functions
\@emptytoks=\toks17
\ex@=\dimen162
))
(D:\Tools\MikTex\tex/latex/amsmath\amsbsy.sty
Package: amsbsy 1999/11/29 v1.2d Bold Symbols
\pmbraise@=\dimen163
)
(D:\Tools\MikTex\tex/latex/amsmath\amsopn.sty
Package: amsopn 2022/04/08 v2.04 operator names
)
\inf@bad=\count266
LaTeX Info: Redefining \frac on input line 234.
\uproot@=\count267
\leftroot@=\count268
LaTeX Info: Redefining \overline on input line 399.
LaTeX Info: Redefining \colon on input line 410.
\classnum@=\count269
\DOTSCASE@=\count270
LaTeX Info: Redefining \ldots on input line 496.
LaTeX Info: Redefining \dots on input line 499.
LaTeX Info: Redefining \cdots on input line 620.
\Mathstrutbox@=\box53
\strutbox@=\box54
LaTeX Info: Redefining \big on input line 722.
LaTeX Info: Redefining \Big on input line 723.
LaTeX Info: Redefining \bigg on input line 724.
LaTeX Info: Redefining \Bigg on input line 725.
\big@size=\dimen164
LaTeX Font Info:    Redeclaring font encoding OML on input line 743.
LaTeX Font Info:    Redeclaring font encoding OMS on input line 744.
\macc@depth=\count271
LaTeX Info: Redefining \bmod on input line 905.
LaTeX Info: Redefining \pmod on input line 910.
LaTeX Info: Redefining \smash on input line 940.
LaTeX Info: Redefining \relbar on input line 970.
LaTeX Info: Redefining \Relbar on input line 971.
\c@MaxMatrixCols=\count272
\dotsspace@=\muskip16
\c@parentequation=\count273
\dspbrk@lvl=\count274
\tag@help=\toks18
\row@=\count275
\column@=\count276
\maxfields@=\count277
\andhelp@=\toks19
\eqnshift@=\dimen165
\alignsep@=\dimen166
\tagshift@=\dimen167
\tagwidth@=\dimen168
\totwidth@=\dimen169
\lineht@=\dimen170
\@envbody=\toks20
\multlinegap=\skip51
\multlinetaggap=\skip52
\mathdisplay@stack=\toks21
LaTeX Info: Redefining \[ on input line 2953.
LaTeX Info: Redefining \] on input line 2954.
)
(D:\Tools\MikTex\tex/latex/amsfonts\amssymb.sty
Package: amssymb 2013/01/14 v3.01 AMS font symbols

(D:\Tools\MikTex\tex/latex/amsfonts\amsfonts.sty
Package: amsfonts 2013/01/14 v3.01 Basic AMSFonts support
\symAMSa=\mathgroup4
\symAMSb=\mathgroup5
LaTeX Font Info:    Redeclaring math symbol \hbar on input line 98.
LaTeX Font Info:    Overwriting math alphabet `\mathfrak' in version `bold'
(Font)                  U/euf/m/n --> U/euf/b/n on input line 106.
))
(C:\Users\Kiran S\AppData\Roaming\MiKTeX\tex/latex/algorithms\algorithmic.sty
Package: algorithmic 2009/08/24 v0.1 Document Style `algorithmic'

(D:\Tools\MikTex\tex/latex/base\ifthen.sty
Package: ifthen 2022/04/13 v1.1d Standard LaTeX ifthen package (DPC)
)
(D:\Tools\MikTex\tex/latex/graphics\keyval.sty
Package: keyval 2022/05/29 v1.15 key=value parser (DPC)
\KV@toks@=\toks22
)
\c@ALC@unique=\count278
\c@ALC@line=\count279
\c@ALC@rem=\count280
\c@ALC@depth=\count281
\ALC@tlm=\skip53
\algorithmicindent=\skip54
)
(D:\Tools\MikTex\tex/latex/graphics\graphicx.sty
Package: graphicx 2021/09/16 v1.2d Enhanced LaTeX Graphics (DPC,SPQR)

(D:\Tools\MikTex\tex/latex/graphics\graphics.sty
Package: graphics 2022/03/10 v1.4e Standard LaTeX Graphics (DPC,SPQR)

(D:\Tools\MikTex\tex/latex/graphics\trig.sty
Package: trig 2021/08/11 v1.11 sin cos tan (DPC)
)
(D:\Tools\MikTex\tex/latex/graphics-cfg\graphics.cfg
File: graphics.cfg 2016/06/04 v1.11 sample graphics configuration
)
Package graphics Info: Driver file: pdftex.def on input line 107.

(D:\Tools\MikTex\tex/latex/graphics-def\pdftex.def
File: pdftex.def 2020/10/05 v1.2a Graphics/color driver for pdftex
))
\Gin@req@height=\dimen171
\Gin@req@width=\dimen172
)
(D:\Tools\MikTex\tex/latex/base\textcomp.sty
Package: textcomp 2020/02/02 v2.0n Standard LaTeX package
)
(D:\Tools\MikTex\tex/latex/xcolor\xcolor.sty
Package: xcolor 2022/06/12 v2.14 LaTeX color extensions (UK)

(D:\Tools\MikTex\tex/latex/graphics-cfg\color.cfg
File: color.cfg 2016/01/02 v1.6 sample color configuration
)
Package xcolor Info: Driver file: pdftex.def on input line 227.

(C:\Users\Kiran S\AppData\Roaming\MiKTeX\tex/latex-dev/graphics\mathcolor.ltx)
Package xcolor Info: Model `cmy' substituted by `cmy0' on input line 1353.
Package xcolor Info: Model `hsb' substituted by `rgb' on input line 1357.
Package xcolor Info: Model `RGB' extended on input line 1369.
Package xcolor Info: Model `HTML' substituted by `rgb' on input line 1371.
Package xcolor Info: Model `Hsb' substituted by `hsb' on input line 1372.
Package xcolor Info: Model `tHsb' substituted by `hsb' on input line 1373.
Package xcolor Info: Model `HSB' substituted by `hsb' on input line 1374.
Package xcolor Info: Model `Gray' substituted by `gray' on input line 1375.
Package xcolor Info: Model `wave' substituted by `hsb' on input line 1376.
) (D:\Tools\MikTex\tex/latex/l3backend\l3backend-pdftex.def
File: l3backend-pdftex.def 2022-07-01 L3 backend support: PDF output (pdfTeX)
\l__color_backend_stack_int=\count282
\l__pdf_internal_box=\box55
)
(CSE598_Project_Report.aux

LaTeX Warning: Label `fig' multiply defined.


LaTeX Warning: Label `fig' multiply defined.


LaTeX Warning: Label `fig' multiply defined.


LaTeX Warning: Label `fig' multiply defined.

)
\openout1 = `CSE598_Project_Report.aux'.

LaTeX Font Info:    Checking defaults for OML/cmm/m/it on input line 14.
LaTeX Font Info:    ... okay on input line 14.
LaTeX Font Info:    Checking defaults for OMS/cmsy/m/n on input line 14.
LaTeX Font Info:    ... okay on input line 14.
LaTeX Font Info:    Checking defaults for OT1/cmr/m/n on input line 14.
LaTeX Font Info:    ... okay on input line 14.
LaTeX Font Info:    Checking defaults for T1/cmr/m/n on input line 14.
LaTeX Font Info:    ... okay on input line 14.
LaTeX Font Info:    Checking defaults for TS1/cmr/m/n on input line 14.
LaTeX Font Info:    ... okay on input line 14.
LaTeX Font Info:    Checking defaults for OMX/cmex/m/n on input line 14.
LaTeX Font Info:    ... okay on input line 14.
LaTeX Font Info:    Checking defaults for U/cmr/m/n on input line 14.
LaTeX Font Info:    ... okay on input line 14.

-- Lines per column: 56 (exact).
(D:\Tools\MikTex\tex/context/base/mkii\supp-pdf.mkii
[Loading MPS to PDF converter (version 2006.09.02).]
\scratchcounter=\count283
\scratchdimen=\dimen173
\scratchbox=\box56
\nofMPsegments=\count284
\nofMParguments=\count285
\everyMPshowfont=\toks23
\MPscratchCnt=\count286
\MPscratchDim=\dimen174
\MPnumerator=\count287
\makeMPintoPDFobject=\count288
\everyMPtoPDFconversion=\toks24
) (D:\Tools\MikTex\tex/latex/epstopdf-pkg\epstopdf-base.sty
Package: epstopdf-base 2020-01-24 v2.11 Base part for package epstopdf
Package epstopdf-base Info: Redefining graphics rule for `.eps' on input line 4
85.

(D:\Tools\MikTex\tex/latex/00miktex\epstopdf-sys.cfg
File: epstopdf-sys.cfg 2021/03/18 v2.0 Configuration of epstopdf for MiKTeX
))
Underfull \hbox (badness 2318) in paragraph at lines 40--41
\OT1/ptm/m/n/10 Neu-ral Net-works (DNNs), which have trans-formed our
 []


Underfull \hbox (badness 10000) in paragraph at lines 40--41

 []


Underfull \hbox (badness 1484) in paragraph at lines 45--46
\OT1/ptm/m/n/10 this prob-lem. Among these, pipeline par-al-lelism mod-els
 []


Underfull \hbox (badness 10000) in paragraph at lines 45--46

 []


Underfull \hbox (badness 2662) in paragraph at lines 47--48
\OT1/ptm/m/n/10 also com-pare two pop-u-lar dis-tributed In-fer-ence sys-tem
 []


Underfull \hbox (badness 2126) in paragraph at lines 47--48
\OT1/ptm/m/n/10 ap-proaches: Onnx and Deep-Speed, in or-der to gain a
 []


Underfull \hbox (badness 10000) in paragraph at lines 47--48

 []


Underfull \hbox (badness 2495) in paragraph at lines 50--51
\OT1/ptm/m/n/10 gra-di-ent up-dates, which can some-times cost sig-nif-i-cant
 []


Underfull \hbox (badness 10000) in paragraph at lines 50--51

 []

<./Screenshots/Pipeline_Parallelism.png, id=1, 659.46375pt x 399.29175pt>
File: ./Screenshots/Pipeline_Parallelism.png Graphic file (type png)
<use ./Screenshots/Pipeline_Parallelism.png>
Package pdftex.def Info: ./Screenshots/Pipeline_Parallelism.png  used on input 
line 54.
(pdftex.def)             Requested size: 303.357pt x 183.67642pt.

Underfull \hbox (badness 1776) in paragraph at lines 59--60
\OT1/ptm/m/n/10 ap-proaches to cre-ate an op-ti-mal pipeline. In par-tic-u-lar,

 []


Underfull \hbox (badness 1515) in paragraph at lines 59--60
\OT1/ptm/m/n/10 we look at sys-tems em-ploy-ing hy-brid par-al-lelism (data
 []


Underfull \hbox (badness 10000) in paragraph at lines 59--60

 []

<./Screenshots/GPipe_vs_DAPPLE.jpeg, id=3, 1041.8925pt x 618.31pt>
File: ./Screenshots/GPipe_vs_DAPPLE.jpeg Graphic file (type jpg)
<use ./Screenshots/GPipe_vs_DAPPLE.jpeg>
Package pdftex.def Info: ./Screenshots/GPipe_vs_DAPPLE.jpeg  used on input line
 64.
(pdftex.def)             Requested size: 229.21706pt x 136.02861pt.
[1{C:/Users/Kiran S/AppData/Local/MiKTeX/fonts/map/pdftex/pdftex.map}


]
Underfull \hbox (badness 1577) in paragraph at lines 69--70
\OT1/ptm/m/n/10 sizes for each layer), a Plan-ner stage, and a Run-time
 []


Underfull \hbox (badness 2600) in paragraph at lines 69--70
\OT1/ptm/m/n/10 First, and Scat-ter First. An im-por-tant im-prove-ment of
 []


Underfull \hbox (badness 1466) in paragraph at lines 69--70
\OT1/ptm/m/n/10 DAP-PLE over GPipe is that in-stead of re-computation,
 []


Underfull \hbox (badness 10000) in paragraph at lines 69--70

 []


Underfull \vbox (badness 3557) has occurred while \output is active []


Underfull \hbox (badness 2057) in paragraph at lines 71--72
\OT1/ptm/m/n/10 time, mem-ory foot-print, and in-put ten-sor size); and a
 []


Underfull \hbox (badness 1490) in paragraph at lines 71--72
\OT1/ptm/m/n/10 the space of train-ing con-fig-u-ra-tions to find an op-ti-mal
 []


Underfull \hbox (badness 4995) in paragraph at lines 71--72
\OT1/ptm/m/n/10 wrap-around sched-ule, a tech-nique called wrap-around
 []


Underfull \hbox (badness 2486) in paragraph at lines 71--72
\OT1/ptm/m/n/10 pipelin-ing. Har-mony has sig-nif-i-cantly im-proved train-ing
 []


Underfull \hbox (badness 10000) in paragraph at lines 71--72

 []


Underfull \hbox (badness 6775) in paragraph at lines 73--74
[]\OT1/ptm/m/n/10 As an ex-ten-sion to study-ing syn-chronous Pipeline
 []


Underfull \hbox (badness 4279) in paragraph at lines 73--74
\OT1/ptm/m/n/10 pri-mar-ily eval-u-ate two in-fer-ence op-ti-miza-tion li-brari
es:
 []


Underfull \hbox (badness 10000) in paragraph at lines 73--74

 []


Underfull \vbox (badness 10000) has occurred while \output is active []

 [2 <./Screenshots/Pipeline_Parallelism.png> <./Screenshots/GPipe_vs_DAPPLE.jpe
g>]
Underfull \hbox (badness 10000) in paragraph at lines 80--81

 []


Underfull \hbox (badness 3078) in paragraph at lines 87--88
\OT1/ptm/m/n/10 uses a cus-tomized sched-uler that em-pir-i-cally eval-u-ates
 []


Underfull \hbox (badness 10000) in paragraph at lines 87--88

 []

LaTeX Font Info:    Trying to load font information for TS1+ptm on input line 9
7.
(C:\Users\Kiran S\AppData\Roaming\MiKTeX\tex/latex/psnfss\ts1ptm.fd
File: ts1ptm.fd 2001/06/04 font definitions for TS1/ptm.
)
<./Screenshots/Combined_Res.jpg, id=13, 748.7975pt x 445.665pt>
File: ./Screenshots/Combined_Res.jpg Graphic file (type jpg)
<use ./Screenshots/Combined_Res.jpg>
Package pdftex.def Info: ./Screenshots/Combined_Res.jpg  used on input line 102
.
(pdftex.def)             Requested size: 299.51369pt x 178.26283pt.
 [3]
<./Screenshots/FinalResultGraph.png, id=18, 602.25pt x 391.4625pt>
File: ./Screenshots/FinalResultGraph.png Graphic file (type png)
<use ./Screenshots/FinalResultGraph.png>
Package pdftex.def Info: ./Screenshots/FinalResultGraph.png  used on input line
 127.
(pdftex.def)             Requested size: 252.94327pt x 164.41312pt.

Overfull \hbox (0.94327pt too wide) in paragraph at lines 127--128
 [][] 
 []


LaTeX Warning: `h' float specifier changed to `ht'.


Underfull \hbox (badness 10000) in paragraph at lines 132--133

 []

[4 <./Screenshots/Combined_Res.jpg> <./Screenshots/FinalResultGraph.png>]
<Screenshots/Inference_Pic.png, id=23, 394.47375pt x 159.59625pt>
File: Screenshots/Inference_Pic.png Graphic file (type png)
<use Screenshots/Inference_Pic.png>
Package pdftex.def Info: Screenshots/Inference_Pic.png  used on input line 141.

(pdftex.def)             Requested size: 165.67784pt x 67.02995pt.

Underfull \hbox (badness 3078) in paragraph at lines 151--154
\OT1/ptm/m/n/10 scale-up op-por-tu-ni-ties in com-par-i-son to ex-ist-ing work.

 []


Underfull \hbox (badness 10000) in paragraph at lines 151--154

 []


Underfull \hbox (badness 1939) in paragraph at lines 168--169
[]\OT1/ptm/m/n/8 Deepak Narayanan et al, 2019. PipeDream: gen-er-al-ized pipeli
ne
 []


Underfull \hbox (badness 1648) in paragraph at lines 168--169
\OT1/ptm/m/n/8 Sym-po-sium on Op-er-at-ing Sys-tems Prin-ci-ples (SOSP '19). As
-so-
 []


Underfull \hbox (badness 2229) in paragraph at lines 168--169
\OT1/ptm/m/n/8 ci-a-tion for Com-put-ing Ma-chin-ery, New York, NY, USA, 1{15.
 []

[5 <./Screenshots/Inference_Pic.png>]
Underfull \hbox (badness 3872) in paragraph at lines 171--172
\OT1/ptm/m/n/8 mem-ory ca-pac-ity to train mas-sive DNN mod-els on com-mod-
 []


Underfull \hbox (badness 1460) in paragraph at lines 174--175
\OT1/ptm/m/n/8 tional Con-fer-ence on Su-per-com-put-ing (ICS '22). As-so-ci-a-
tion for
 []


Underfull \hbox (badness 1968) in paragraph at lines 174--175
\OT1/ptm/m/n/8 Com-put-ing Ma-chin-ery, New York, NY, USA, Ar-ti-cle 36, 1{13.
 []


** Conference Paper **
Before submitting the final camera ready copy, remember to:

 1. Manually equalize the lengths of two columns on the last page
 of your paper;

 2. Ensure that any PostScript and/or PDF output post-processing
 uses only Type 1 fonts and that every step in the generation
 process uses the appropriate paper size.

[6

] (CSE598_Project_Report.aux)

LaTeX Warning: There were multiply-defined labels.

 ) 
Here is how much of TeX's memory you used:
 4228 strings out of 478338
 67024 string characters out of 2850293
 382660 words of memory out of 3000000
 22634 multiletter control sequences out of 15000+600000
 496737 words of font info for 75 fonts, out of 8000000 for 9000
 1141 hyphenation exceptions out of 8191
 55i,8n,62p,1202b,259s stack positions out of 10000i,1000n,20000p,200000b,80000s
{D:/Tools/MikTex/fonts/enc/dvips/base/8r.enc}<D:/Tools/MikTex/fonts/type1/urw
/times/utmr8a.pfb><D:/Tools/MikTex/fonts/type1/urw/times/utmri8a.pfb>
Output written on CSE598_Project_Report.pdf (6 pages, 515045 bytes).
PDF statistics:
 41 PDF objects out of 1000 (max. 8388607)
 0 named destinations out of 1000 (max. 500000)
 26 words of extra memory for PDF output out of 10000 (max. 10000000)

